[debug] [2023-05-18T23:35:07.234Z] ----------------------------------------------------------------------
[debug] [2023-05-18T23:35:07.238Z] Command:       /usr/local/bin/node /usr/local/bin/firebase deploy
[debug] [2023-05-18T23:35:07.238Z] CLI Version:   11.29.1
[debug] [2023-05-18T23:35:07.239Z] Platform:      darwin
[debug] [2023-05-18T23:35:07.239Z] Node Version:  v19.3.0
[debug] [2023-05-18T23:35:07.239Z] Time:          Thu May 18 2023 16:35:07 GMT-0700 (Pacific Daylight Time)
[debug] [2023-05-18T23:35:07.239Z] ----------------------------------------------------------------------
[debug] 
[debug] [2023-05-18T23:35:07.242Z] >>> [apiv2][query] GET https://firebase-public.firebaseio.com/cli.json [none]
[debug] [2023-05-18T23:35:07.361Z] > command requires scopes: ["email","openid","https://www.googleapis.com/auth/cloudplatformprojects.readonly","https://www.googleapis.com/auth/firebase","https://www.googleapis.com/auth/cloud-platform"]
[debug] [2023-05-18T23:35:07.361Z] > authorizing via signed-in user (eahsan@uw.edu)
[debug] [2023-05-18T23:35:07.361Z] [iam] checking project gardenspace-muse for permissions ["firebase.projects.get","firebasehosting.sites.update","firebaserules.releases.create","firebaserules.releases.update","firebaserules.rulesets.create"]
[debug] [2023-05-18T23:35:07.362Z] > refreshing access token with scopes: []
[debug] [2023-05-18T23:35:07.363Z] >>> [apiv2][query] POST https://www.googleapis.com/oauth2/v3/token [none]
[debug] [2023-05-18T23:35:07.363Z] >>> [apiv2][body] POST https://www.googleapis.com/oauth2/v3/token [omitted]
[debug] [2023-05-18T23:35:07.499Z] <<< [apiv2][status] GET https://firebase-public.firebaseio.com/cli.json 200
[debug] [2023-05-18T23:35:07.500Z] <<< [apiv2][body] GET https://firebase-public.firebaseio.com/cli.json {"cloudBuildErrorAfter":1594252800000,"cloudBuildWarnAfter":1590019200000,"defaultNode10After":1594252800000,"minVersion":"3.0.5","node8DeploysDisabledAfter":1613390400000,"node8RuntimeDisabledAfter":1615809600000,"node8WarnAfter":1600128000000}
[debug] [2023-05-18T23:35:07.565Z] <<< [apiv2][status] POST https://www.googleapis.com/oauth2/v3/token 200
[debug] [2023-05-18T23:35:07.566Z] <<< [apiv2][body] POST https://www.googleapis.com/oauth2/v3/token [omitted]
[debug] [2023-05-18T23:35:07.623Z] >>> [apiv2][query] POST https://cloudresourcemanager.googleapis.com/v1/projects/gardenspace-muse:testIamPermissions [none]
[debug] [2023-05-18T23:35:07.623Z] >>> [apiv2][(partial)header] POST https://cloudresourcemanager.googleapis.com/v1/projects/gardenspace-muse:testIamPermissions x-goog-quota-user=projects/gardenspace-muse
[debug] [2023-05-18T23:35:07.623Z] >>> [apiv2][body] POST https://cloudresourcemanager.googleapis.com/v1/projects/gardenspace-muse:testIamPermissions {"permissions":["firebase.projects.get","firebasehosting.sites.update","firebaserules.releases.create","firebaserules.releases.update","firebaserules.rulesets.create"]}
[debug] [2023-05-18T23:35:07.864Z] <<< [apiv2][status] POST https://cloudresourcemanager.googleapis.com/v1/projects/gardenspace-muse:testIamPermissions 200
[debug] [2023-05-18T23:35:07.865Z] <<< [apiv2][body] POST https://cloudresourcemanager.googleapis.com/v1/projects/gardenspace-muse:testIamPermissions {}
[debug] [2023-05-18T23:35:07.865Z] [iam] error while checking permissions, command may fail: FirebaseError: Authorization failed. This account is missing the following required permissions on project gardenspace-muse:

  firebase.projects.get
  firebasehosting.sites.update
  firebaserules.releases.create
  firebaserules.releases.update
  firebaserules.rulesets.create
[debug] [2023-05-18T23:35:07.867Z] >>> [apiv2][query] GET https://firebase.googleapis.com/v1beta1/projects/gardenspace-muse [none]
[debug] [2023-05-18T23:35:08.195Z] <<< [apiv2][status] GET https://firebase.googleapis.com/v1beta1/projects/gardenspace-muse 403
[debug] [2023-05-18T23:35:08.195Z] <<< [apiv2][body] GET https://firebase.googleapis.com/v1beta1/projects/gardenspace-muse {"error":{"code":403,"message":"The caller does not have permission","status":"PERMISSION_DENIED"}}
[debug] [2023-05-18T23:35:08.197Z] HTTP Error: 403, The caller does not have permission
[debug] [2023-05-18T23:35:08.259Z] FirebaseError: HTTP Error: 403, The caller does not have permission
    at responseToError (/usr/local/lib/node_modules/firebase-tools/lib/responseToError.js:49:12)
    at RetryOperation._fn (/usr/local/lib/node_modules/firebase-tools/lib/apiv2.js:288:77)
    at process.processTicksAndRejections (node:internal/process/task_queues:95:5)
[error] 
[error] Error: Failed to get Firebase project gardenspace-muse. Please make sure the project exists and your account has permission to access it.
